ElectroLab/app/build/intermediates/manifest_merge_blame_file/debug/manifest-merger-blame-debug-report.txt
1<?xml version="1.0" encoding="utf-8"?>
2<manifest xmlns:android="http://schemas.android.com/apk/res/android"
3    package="com.example.electrolab"
4    android:versionCode="1"
5    android:versionName="1.0" >
6
7    <uses-sdk
8        android:minSdkVersion="21"
8-->src\main\AndroidManifest.xml
9        android:targetSdkVersion="32" />
9-->src\main\AndroidManifest.xml
10
11    <uses-permission android:name="android.permission.CAMERA" />
11-->src\main\AndroidManifest.xml:5:5-65
11-->src\main\AndroidManifest.xml:5:22-62
12
13    <uses-feature android:name="android.hardware.camera" />
13-->src\main\AndroidManifest.xml:7:5-60
13-->src\main\AndroidManifest.xml:7:19-57
14
15    <uses-permission android:name="android.permission.BLUETOOTH" />
15-->src\main\AndroidManifest.xml:9:5-68
15-->src\main\AndroidManifest.xml:9:22-65
16    <uses-permission android:name="android.permission.BLUETOOTH_ADMIN" />
16-->src\main\AndroidManifest.xml:10:5-74
16-->src\main\AndroidManifest.xml:10:22-71
17    <uses-permission android:name="android.permission.BLUETOOTH_CONNECT" />
17-->src\main\AndroidManifest.xml:11:5-76
17-->src\main\AndroidManifest.xml:11:22-73
18
19    <application
19-->src\main\AndroidManifest.xml:13:5-51:19
20        android:allowBackup="true"
20-->src\main\AndroidManifest.xml:14:9-35
21        android:appComponentFactory="androidx.core.app.CoreComponentFactory"
21-->[androidx.core:core:1.8.0] AndroidManifest.xml:24:18-86
22        android:dataExtractionRules="@xml/data_extraction_rules"
22-->src\main\AndroidManifest.xml:15:9-65
23        android:debuggable="true"
24        android:fullBackupContent="@xml/backup_rules"
24-->src\main\AndroidManifest.xml:16:9-54
25        android:icon="@mipmap/ic_launcher"
25-->src\main\AndroidManifest.xml:17:9-43
26        android:label="ElectroLab"
26-->src\main\AndroidManifest.xml:18:9-35
27        android:roundIcon="@mipmap/ic_launcher_round"
27-->src\main\AndroidManifest.xml:19:9-54
28        android:supportsRtl="true"
28-->src\main\AndroidManifest.xml:20:9-35
29        android:testOnly="true"
30        android:theme="@style/Theme.ElectroLab" >
30-->src\main\AndroidManifest.xml:21:9-48
31        <activity
31-->src\main\AndroidManifest.xml:24:9-36:20
32            android:name="com.example.electrolab.Monologo"
32-->src\main\AndroidManifest.xml:25:13-37
33            android:exported="true" >
33-->src\main\AndroidManifest.xml:26:13-36
34            <intent-filter>
34-->src\main\AndroidManifest.xml:27:13-31:29
35                <action android:name="android.intent.action.MAIN" />
35-->src\main\AndroidManifest.xml:28:17-69
35-->src\main\AndroidManifest.xml:28:25-66
36
37                <category android:name="android.intent.category.LAUNCHER" />
37-->src\main\AndroidManifest.xml:30:17-77
37-->src\main\AndroidManifest.xml:30:27-74
38            </intent-filter>
39
40            <meta-data
40-->src\main\AndroidManifest.xml:33:13-35:36
41                android:name="android.app.lib_name"
41-->src\main\AndroidManifest.xml:34:17-52
42                android:value="" />
42-->src\main\AndroidManifest.xml:35:17-33
43        </activity>
44        <activity
44-->src\main\AndroidManifest.xml:37:9-43:20
45            android:name="com.example.electrolab.DispositivosVinculados"
45-->src\main\AndroidManifest.xml:38:13-51
46            android:exported="false" >
46-->src\main\AndroidManifest.xml:39:13-37
47            <meta-data
47-->src\main\AndroidManifest.xml:33:13-35:36
48                android:name="android.app.lib_name"
48-->src\main\AndroidManifest.xml:34:17-52
49                android:value="" />
49-->src\main\AndroidManifest.xml:35:17-33
50        </activity>
51        <activity
51-->src\main\AndroidManifest.xml:44:9-50:20
52            android:name="com.example.electrolab.MainActivity"
52-->src\main\AndroidManifest.xml:45:13-41
53            android:exported="false" >
53-->src\main\AndroidManifest.xml:46:13-37
54            <meta-data
54-->src\main\AndroidManifest.xml:33:13-35:36
55                android:name="android.app.lib_name"
55-->src\main\AndroidManifest.xml:34:17-52
56                android:value="" />
56-->src\main\AndroidManifest.xml:35:17-33
57        </activity>
58
59        <service
59-->[androidx.camera:camera-camera2:1.1.0-beta02] AndroidManifest.xml:26:9-35:19
60            android:name="androidx.camera.core.impl.MetadataHolderService"
60-->[androidx.camera:camera-camera2:1.1.0-beta02] AndroidManifest.xml:27:13-75
61            android:enabled="false"
61-->[androidx.camera:camera-camera2:1.1.0-beta02] AndroidManifest.xml:28:13-36
62            android:exported="false" >
62-->[androidx.camera:camera-camera2:1.1.0-beta02] AndroidManifest.xml:29:13-37
63            <meta-data
63-->[androidx.camera:camera-camera2:1.1.0-beta02] AndroidManifest.xml:32:13-34:89
64                android:name="androidx.camera.core.impl.MetadataHolderService.DEFAULT_CONFIG_PROVIDER"
64-->[androidx.camera:camera-camera2:1.1.0-beta02] AndroidManifest.xml:33:17-103
65                android:value="androidx.camera.camera2.Camera2Config$DefaultProvider" />
65-->[androidx.camera:camera-camera2:1.1.0-beta02] AndroidManifest.xml:34:17-86
66        </service>
67
68        <provider
68-->[androidx.emoji2:emoji2:1.2.0] AndroidManifest.xml:24:9-32:20
69            android:name="androidx.startup.InitializationProvider"
69-->[androidx.emoji2:emoji2:1.2.0] AndroidManifest.xml:25:13-67
70            android:authorities="com.example.electrolab.androidx-startup"
70-->[androidx.emoji2:emoji2:1.2.0] AndroidManifest.xml:26:13-68
71            android:exported="false" >
71-->[androidx.emoji2:emoji2:1.2.0] AndroidManifest.xml:27:13-37
72            <meta-data
72-->[androidx.emoji2:emoji2:1.2.0] AndroidManifest.xml:29:13-31:52
73                android:name="androidx.emoji2.text.EmojiCompatInitializer"
73-->[androidx.emoji2:emoji2:1.2.0] AndroidManifest.xml:30:17-75
74                android:value="androidx.startup" />
74-->[androidx.emoji2:emoji2:1.2.0] AndroidManifest.xml:31:17-49
75            <meta-data
75-->[androidx.lifecycle:lifecycle-process:2.4.1] AndroidManifest.xml:31:13-33:52
76                android:name="androidx.lifecycle.ProcessLifecycleInitializer"
76-->[androidx.lifecycle:lifecycle-process:2.4.1] AndroidManifest.xml:32:17-78
77                android:value="androidx.startup" />
77-->[androidx.lifecycle:lifecycle-process:2.4.1] AndroidManifest.xml:33:17-49
78        </provider>
79    </application>
80
81</manifest>